# Logfile created on 2014-03-02 12:50:24 -0300 by logger.rb/44203
I, [2014-03-02T12:50:24.957246 #5433]  INFO -- : 0:  timers (1.1.0) from /Users/guivinicius/.rvm/gems/ruby-2.1.1/specifications/timers-1.1.0.gemspec
I, [2014-03-02T12:50:24.957646 #5433]  INFO -- : 0:  celluloid (0.15.2) from /Users/guivinicius/.rvm/gems/ruby-2.1.1/specifications/celluloid-0.15.2.gemspec
I, [2014-03-02T12:50:24.958033 #5433]  INFO -- : 0:  nio4r (1.0.0) from /Users/guivinicius/.rvm/gems/ruby-2.1.1/specifications/nio4r-1.0.0.gemspec
I, [2014-03-02T12:50:24.958496 #5433]  INFO -- : 0:  celluloid-io (0.15.0) from /Users/guivinicius/.rvm/gems/ruby-2.1.1/specifications/celluloid-io-0.15.0.gemspec
I, [2014-03-02T12:50:24.958978 #5433]  INFO -- : 0:  coderay (1.1.0) from /Users/guivinicius/.rvm/gems/ruby-2.1.1/specifications/coderay-1.1.0.gemspec
I, [2014-03-02T12:50:24.959459 #5433]  INFO -- : 0:  diff-lcs (1.2.5) from /Users/guivinicius/.rvm/gems/ruby-2.1.1/specifications/diff-lcs-1.2.5.gemspec
I, [2014-03-02T12:50:24.959884 #5433]  INFO -- : 0:  ffi (1.9.3) from /Users/guivinicius/.rvm/gems/ruby-2.1.1/specifications/ffi-1.9.3.gemspec
I, [2014-03-02T12:50:24.960304 #5433]  INFO -- : 0:  formatador (0.2.4) from /Users/guivinicius/.rvm/gems/ruby-2.1.1/specifications/formatador-0.2.4.gemspec
I, [2014-03-02T12:50:24.960744 #5433]  INFO -- : 0:  rb-fsevent (0.9.4) from /Users/guivinicius/.rvm/gems/ruby-2.1.1/specifications/rb-fsevent-0.9.4.gemspec
I, [2014-03-02T12:50:24.961198 #5433]  INFO -- : 0:  rb-inotify (0.9.3) from /Users/guivinicius/.rvm/gems/ruby-2.1.1/specifications/rb-inotify-0.9.3.gemspec
I, [2014-03-02T12:50:24.961708 #5433]  INFO -- : 0:  listen (2.6.2) from /Users/guivinicius/.rvm/gems/ruby-2.1.1/specifications/listen-2.6.2.gemspec
I, [2014-03-02T12:50:24.962082 #5433]  INFO -- : 0:  lumberjack (1.0.4) from /Users/guivinicius/.rvm/gems/ruby-2.1.1/specifications/lumberjack-1.0.4.gemspec
I, [2014-03-02T12:50:24.962399 #5433]  INFO -- : 0:  method_source (0.8.2) from /Users/guivinicius/.rvm/gems/ruby-2.1.1/specifications/method_source-0.8.2.gemspec
I, [2014-03-02T12:50:24.962719 #5433]  INFO -- : 0:  slop (3.4.7) from /Users/guivinicius/.rvm/gems/ruby-2.1.1/specifications/slop-3.4.7.gemspec
I, [2014-03-02T12:50:24.963040 #5433]  INFO -- : 0:  pry (0.9.12.6) from /Users/guivinicius/.rvm/gems/ruby-2.1.1/specifications/pry-0.9.12.6.gemspec
I, [2014-03-02T12:50:24.963341 #5433]  INFO -- : 0:  thor (0.18.1) from /Users/guivinicius/.rvm/gems/ruby-2.1.1/specifications/thor-0.18.1.gemspec
I, [2014-03-02T12:50:24.963663 #5433]  INFO -- : 0:  guard (2.2.5) from /Users/guivinicius/.rvm/gems/ruby-2.1.1/specifications/guard-2.2.5.gemspec
I, [2014-03-02T12:50:24.964020 #5433]  INFO -- : 0:  rspec-core (2.14.8) from /Users/guivinicius/.rvm/gems/ruby-2.1.1/specifications/rspec-core-2.14.8.gemspec
I, [2014-03-02T12:50:24.964353 #5433]  INFO -- : 0:  rspec-expectations (2.14.5) from /Users/guivinicius/.rvm/gems/ruby-2.1.1/specifications/rspec-expectations-2.14.5.gemspec
I, [2014-03-02T12:50:24.964688 #5433]  INFO -- : 0:  rspec-mocks (2.14.6) from /Users/guivinicius/.rvm/gems/ruby-2.1.1/specifications/rspec-mocks-2.14.6.gemspec
I, [2014-03-02T12:50:24.965056 #5433]  INFO -- : 0:  rspec (2.14.1) from /Users/guivinicius/.rvm/gems/ruby-2.1.1/specifications/rspec-2.14.1.gemspec
I, [2014-03-02T12:50:24.965396 #5433]  INFO -- : 0:  guard-rspec (4.2.7) from /Users/guivinicius/.rvm/gems/ruby-2.1.1/specifications/guard-rspec-4.2.7.gemspec
I, [2014-03-02T12:50:24.965772 #5433]  INFO -- : 0:  bundler (1.5.1) from /Users/guivinicius/.rvm/gems/ruby-2.1.1/specifications/bundler-1.5.1.gemspec
I, [2014-03-02T12:50:42.321984 #5440]  INFO -- : 0:  timers (1.1.0) from /Users/guivinicius/.rvm/gems/ruby-2.1.1/specifications/timers-1.1.0.gemspec
I, [2014-03-02T12:50:42.322346 #5440]  INFO -- : 0:  celluloid (0.15.2) from /Users/guivinicius/.rvm/gems/ruby-2.1.1/specifications/celluloid-0.15.2.gemspec
I, [2014-03-02T12:50:42.322687 #5440]  INFO -- : 0:  nio4r (1.0.0) from /Users/guivinicius/.rvm/gems/ruby-2.1.1/specifications/nio4r-1.0.0.gemspec
I, [2014-03-02T12:50:42.323078 #5440]  INFO -- : 0:  celluloid-io (0.15.0) from /Users/guivinicius/.rvm/gems/ruby-2.1.1/specifications/celluloid-io-0.15.0.gemspec
I, [2014-03-02T12:50:42.323362 #5440]  INFO -- : 0:  coderay (1.1.0) from /Users/guivinicius/.rvm/gems/ruby-2.1.1/specifications/coderay-1.1.0.gemspec
I, [2014-03-02T12:50:42.323602 #5440]  INFO -- : 0:  diff-lcs (1.2.5) from /Users/guivinicius/.rvm/gems/ruby-2.1.1/specifications/diff-lcs-1.2.5.gemspec
I, [2014-03-02T12:50:42.323846 #5440]  INFO -- : 0:  ffi (1.9.3) from /Users/guivinicius/.rvm/gems/ruby-2.1.1/specifications/ffi-1.9.3.gemspec
I, [2014-03-02T12:50:42.324092 #5440]  INFO -- : 0:  formatador (0.2.4) from /Users/guivinicius/.rvm/gems/ruby-2.1.1/specifications/formatador-0.2.4.gemspec
I, [2014-03-02T12:50:42.324348 #5440]  INFO -- : 0:  rb-fsevent (0.9.4) from /Users/guivinicius/.rvm/gems/ruby-2.1.1/specifications/rb-fsevent-0.9.4.gemspec
I, [2014-03-02T12:50:42.324597 #5440]  INFO -- : 0:  rb-inotify (0.9.3) from /Users/guivinicius/.rvm/gems/ruby-2.1.1/specifications/rb-inotify-0.9.3.gemspec
I, [2014-03-02T12:50:42.324853 #5440]  INFO -- : 0:  listen (2.6.2) from /Users/guivinicius/.rvm/gems/ruby-2.1.1/specifications/listen-2.6.2.gemspec
I, [2014-03-02T12:50:42.325098 #5440]  INFO -- : 0:  lumberjack (1.0.4) from /Users/guivinicius/.rvm/gems/ruby-2.1.1/specifications/lumberjack-1.0.4.gemspec
I, [2014-03-02T12:50:42.325337 #5440]  INFO -- : 0:  method_source (0.8.2) from /Users/guivinicius/.rvm/gems/ruby-2.1.1/specifications/method_source-0.8.2.gemspec
I, [2014-03-02T12:50:42.325590 #5440]  INFO -- : 0:  slop (3.4.7) from /Users/guivinicius/.rvm/gems/ruby-2.1.1/specifications/slop-3.4.7.gemspec
I, [2014-03-02T12:50:42.325840 #5440]  INFO -- : 0:  pry (0.9.12.6) from /Users/guivinicius/.rvm/gems/ruby-2.1.1/specifications/pry-0.9.12.6.gemspec
I, [2014-03-02T12:50:42.326119 #5440]  INFO -- : 0:  thor (0.18.1) from /Users/guivinicius/.rvm/gems/ruby-2.1.1/specifications/thor-0.18.1.gemspec
I, [2014-03-02T12:50:46.687084 #5440]  INFO -- : 0:  guard (2.5.1) from /Users/guivinicius/.rvm/gems/ruby-2.1.1/specifications/guard-2.5.1.gemspec
I, [2014-03-02T12:50:46.687553 #5440]  INFO -- : 0:  rspec-core (2.14.8) from /Users/guivinicius/.rvm/gems/ruby-2.1.1/specifications/rspec-core-2.14.8.gemspec
I, [2014-03-02T12:50:46.687896 #5440]  INFO -- : 0:  rspec-expectations (2.14.5) from /Users/guivinicius/.rvm/gems/ruby-2.1.1/specifications/rspec-expectations-2.14.5.gemspec
I, [2014-03-02T12:50:46.688223 #5440]  INFO -- : 0:  rspec-mocks (2.14.6) from /Users/guivinicius/.rvm/gems/ruby-2.1.1/specifications/rspec-mocks-2.14.6.gemspec
I, [2014-03-02T12:50:46.688510 #5440]  INFO -- : 0:  rspec (2.14.1) from /Users/guivinicius/.rvm/gems/ruby-2.1.1/specifications/rspec-2.14.1.gemspec
I, [2014-03-02T12:50:46.688808 #5440]  INFO -- : 0:  guard-rspec (4.2.7) from /Users/guivinicius/.rvm/gems/ruby-2.1.1/specifications/guard-rspec-4.2.7.gemspec
I, [2014-03-02T12:50:46.689083 #5440]  INFO -- : 0:  bundler (1.5.1) from /Users/guivinicius/.rvm/gems/ruby-2.1.1/specifications/bundler-1.5.1.gemspec
